1.Uptime: Thu 25 Mar 2021 11:10:43 PM EET
2.Current users: 
lucy     :0           2021-03-25 22:48 (:0)
-----------------------------------------------------------------------------------------------------------------------------------------------
3.Recent logins: 
lucy     :0           :0               Thu Mar 25 22:48   still logged in
reboot   system boot  5.8.0-45-generic Thu Mar 25 22:47   still running
lucy     :0           :0               Thu Mar 25 20:50 - down   (01:54)
-----------------------------------------------------------------------------------------------------------------------------------------------
4.1.TOP-10 processes by RAM usage: 
USER         PID %CPU %MEM  STARTED     TIME COMMAND
lucy        2135  2.2  3.1 22:50:56 00:00:26 /home/lucy/Desktop/Telegram/Telegram
lucy        1600  1.9  3.0 22:48:24 00:00:26 /usr/bin/gnome-shell
lucy        1692  0.7  1.0 22:48:27 00:00:10 /usr/bin/nautilus --gapplication-service
lucy        1443  1.3  0.9 22:48:21 00:00:17 /usr/lib/xorg/Xorg vt2 -displayfd 3 -auth /run/user/1000/gdm/Xauthority -background none -noreset -keeptty -verbose 3
lucy        1805  0.0  0.6 22:48:27 00:00:00 /usr/libexec/evolution-data-server/evolution-alarm-notify
lucy        2033  0.0  0.6 22:50:29 00:00:00 /usr/bin/gnome-calendar --gapplication-service
lucy        2245  0.4  0.6 22:55:55 00:00:03 /usr/libexec/gnome-terminal-server
lucy        1806  0.2  0.6 22:48:27 00:00:02 /usr/bin/vmtoolsd -n vmusr --blockFd 3
lucy        2037  0.0  0.5 22:50:29 00:00:00 /usr/bin/seahorse --gapplication-service
-----------------------------------------------------------------------------------------------------------------------------------------------
4.2.TOP-10 processes by CPU usage: 
USER         PID %CPU %MEM  STARTED     TIME COMMAND
lucy        2135  2.2  3.1 22:50:56 00:00:26 /home/lucy/Desktop/Telegram/Telegram
lucy        1600  1.9  3.0 22:48:24 00:00:26 /usr/bin/gnome-shell
lucy        1443  1.3  0.9 22:48:21 00:00:17 /usr/lib/xorg/Xorg vt2 -displayfd 3 -auth /run/user/1000/gdm/Xauthority -background none -noreset -keeptty -verbose 3
lucy        2481  1.0  0.3 23:10:36 00:00:00 /usr/libexec/tracker-store
lucy        1692  0.7  1.0 22:48:27 00:00:10 /usr/bin/nautilus --gapplication-service
lucy        2245  0.4  0.6 22:55:55 00:00:03 /usr/libexec/gnome-terminal-server
lucy        1806  0.2  0.6 22:48:27 00:00:02 /usr/bin/vmtoolsd -n vmusr --blockFd 3
root           1  0.1  0.1 22:47:50 00:00:02 /sbin/init auto noprompt
root         717  0.1  0.0 22:47:56 00:00:01 /usr/bin/vmtoolsd
-----------------------------------------------------------------------------------------------------------------------------------------------
5.Open UDP/TCP ports: 
Netid  State   Recv-Q  Send-Q   Local Address:Port    Peer Address:Port Process 
udp    UNCONN  0       0        127.0.0.53%lo:53           0.0.0.0:*            
udp    UNCONN  0       0              0.0.0.0:631          0.0.0.0:*            
udp    UNCONN  0       0              0.0.0.0:5353         0.0.0.0:*            
udp    UNCONN  0       0              0.0.0.0:52552        0.0.0.0:*            
udp    UNCONN  0       0                 [::]:54493           [::]:*            
udp    UNCONN  0       0                 [::]:5353            [::]:*            
tcp    LISTEN  0       4096     127.0.0.53%lo:53           0.0.0.0:*            
tcp    LISTEN  0       5            127.0.0.1:631          0.0.0.0:*            
tcp    LISTEN  0       5                [::1]:631             [::]:*            
-----------------------------------------------------------------------------------------------------------------------------------------------
6.Virtual Memory usage: 
              total        used        free      shared  buff/cache   available
Mem:        8123340     1093284     6265936        8708      764120     6765880
Swap:        945416           0      945416
Total:      9068756     1093284     7211352
-----------------------------------------------------------------------------------------------------------------------------------------------
7.Usage of disk space: 
Filesystem      Size  Used Avail Use% Mounted on
udev            4.2G     0  4.2G   0% /dev
tmpfs           832M  1.9M  830M   1% /run
/dev/sda5        21G  8.1G   12G  42% /
tmpfs           4.2G     0  4.2G   0% /dev/shm
tmpfs           5.3M  4.1k  5.3M   1% /run/lock
tmpfs           4.2G     0  4.2G   0% /sys/fs/cgroup
/dev/loop0      230M  230M     0 100% /snap/gnome-3-34-1804/66
/dev/loop1       59M   59M     0 100% /snap/core18/1988
/dev/loop3       54M   54M     0 100% /snap/snap-store/518
/dev/loop2       69M   69M     0 100% /snap/gtk-common-themes/1514
/dev/loop4       34M   34M     0 100% /snap/snapd/11107
/dev/loop5       34M   34M     0 100% /snap/snapd/11402
/dev/sda1       536M  4.1k  536M   1% /boot/efi
tmpfs           832M   29k  832M   1% /run/user/1000
